<?xml version="1.0" encoding="UTF-8"?>
<testsuite name="org.generation.TodoList.controller.TaskControllerTest" tests="3" skipped="0" failures="0" errors="0" timestamp="2022-03-15T02:56:38" hostname="Gareth-001" time="0.119">
  <properties/>
  <testcase name="[1] title=hello world, description=my first task, targetDateTime=2022-03-30T16:00:00.000, lastUpdateDateTime=2022-03-01T16:00:00.000" classname="org.generation.TodoList.controller.TaskControllerTest" time="0.075"/>
  <testcase name="[1] title=hello world, description=my first task, targetDateTime=2022-03-30T16:00:00.000, lastUpdateDateTime=2022-03-01T16:00:00.000" classname="org.generation.TodoList.controller.TaskControllerTest" time="0.016"/>
  <testcase name="[1] title=hello world, description=my first task, targetDateTime=2022-03-30T16:00:00.000, lastUpdateDateTime=2022-03-01T16:00:00.000" classname="org.generation.TodoList.controller.TaskControllerTest" time="0.009"/>
  <system-out><![CDATA[2022-03-15 10:56:37.615  INFO 25065 --- [    Test worker] .b.t.a.w.s.WebMvcTestContextBootstrapper : Neither @ContextConfiguration nor @ContextHierarchy found for test class [org.generation.TodoList.controller.TaskControllerTest], using SpringBootContextLoader
2022-03-15 10:56:37.616  INFO 25065 --- [    Test worker] o.s.t.c.support.AbstractContextLoader    : Could not detect default resource locations for test class [org.generation.TodoList.controller.TaskControllerTest]: no resource found for suffixes {-context.xml, Context.groovy}.
2022-03-15 10:56:37.616  INFO 25065 --- [    Test worker] t.c.s.AnnotationConfigContextLoaderUtils : Could not detect default configuration classes for test class [org.generation.TodoList.controller.TaskControllerTest]: TaskControllerTest does not declare any static, non-private, non-final, nested classes annotated with @Configuration.
2022-03-15 10:56:37.642  INFO 25065 --- [    Test worker] .b.t.c.SpringBootTestContextBootstrapper : Found @SpringBootConfiguration org.generation.TodoList.TodoListApplication for test class org.generation.TodoList.controller.TaskControllerTest
2022-03-15 10:56:37.644  INFO 25065 --- [    Test worker] .b.t.a.w.s.WebMvcTestContextBootstrapper : Loaded default TestExecutionListener class names from location [META-INF/spring.factories]: [org.springframework.boot.test.autoconfigure.restdocs.RestDocsTestExecutionListener, org.springframework.boot.test.autoconfigure.web.client.MockRestServiceServerResetTestExecutionListener, org.springframework.boot.test.autoconfigure.web.servlet.MockMvcPrintOnlyOnFailureTestExecutionListener, org.springframework.boot.test.autoconfigure.web.servlet.WebDriverTestExecutionListener, org.springframework.boot.test.autoconfigure.webservices.client.MockWebServiceServerTestExecutionListener, org.springframework.boot.test.mock.mockito.MockitoTestExecutionListener, org.springframework.boot.test.mock.mockito.ResetMocksTestExecutionListener, org.springframework.test.context.web.ServletTestExecutionListener, org.springframework.test.context.support.DirtiesContextBeforeModesTestExecutionListener, org.springframework.test.context.event.ApplicationEventsTestExecutionListener, org.springframework.test.context.support.DependencyInjectionTestExecutionListener, org.springframework.test.context.support.DirtiesContextTestExecutionListener, org.springframework.test.context.transaction.TransactionalTestExecutionListener, org.springframework.test.context.jdbc.SqlScriptsTestExecutionListener, org.springframework.test.context.event.EventPublishingTestExecutionListener]
2022-03-15 10:56:37.645  INFO 25065 --- [    Test worker] .b.t.a.w.s.WebMvcTestContextBootstrapper : Using TestExecutionListeners: [org.springframework.test.context.web.ServletTestExecutionListener@757f47f0, org.springframework.test.context.support.DirtiesContextBeforeModesTestExecutionListener@7ff7e353, org.springframework.test.context.event.ApplicationEventsTestExecutionListener@70680f88, org.springframework.boot.test.mock.mockito.MockitoTestExecutionListener@7f7f544a, org.springframework.boot.test.autoconfigure.SpringBootDependencyInjectionTestExecutionListener@70b0dc92, org.springframework.test.context.support.DirtiesContextTestExecutionListener@309d54ac, org.springframework.test.context.transaction.TransactionalTestExecutionListener@390978, org.springframework.test.context.jdbc.SqlScriptsTestExecutionListener@561c031, org.springframework.test.context.event.EventPublishingTestExecutionListener@7343d843, org.springframework.boot.test.autoconfigure.restdocs.RestDocsTestExecutionListener@29a1dab3, org.springframework.boot.test.autoconfigure.web.client.MockRestServiceServerResetTestExecutionListener@619b7436, org.springframework.boot.test.autoconfigure.web.servlet.MockMvcPrintOnlyOnFailureTestExecutionListener@6af0407c, org.springframework.boot.test.autoconfigure.web.servlet.WebDriverTestExecutionListener@71c1ca1, org.springframework.boot.test.autoconfigure.webservices.client.MockWebServiceServerTestExecutionListener@20cf3ab3, org.springframework.boot.test.mock.mockito.ResetMocksTestExecutionListener@1acfc058]

  .   ____          _            __ _ _
 /\\ / ___'_ __ _ _(_)_ __  __ _ \ \ \ \
( ( )\___ | '_ | '_| | '_ \/ _` | \ \ \ \
 \\/  ___)| |_)| | | | | || (_| |  ) ) ) )
  '  |____| .__|_| |_|_| |_\__, | / / / /
 =========|_|==============|___/=/_/_/_/
 :: Spring Boot ::                (v2.6.4)

2022-03-15 10:56:37.681  INFO 25065 --- [    Test worker] o.g.T.controller.TaskControllerTest      : Starting TaskControllerTest using Java 17.0.2 on Gareth-001 with PID 25065 (started by gareth in /Users/gareth/Documents/workspace/TodoList)
2022-03-15 10:56:37.681  INFO 25065 --- [    Test worker] o.g.T.controller.TaskControllerTest      : No active profile set, falling back to 1 default profile: "default"
2022-03-15 10:56:38.484  INFO 25065 --- [    Test worker] o.s.b.a.w.s.WelcomePageHandlerMapping    : Adding welcome page template: index
2022-03-15 10:56:38.704  INFO 25065 --- [    Test worker] o.s.b.t.m.w.SpringBootMockServletContext : Initializing Spring TestDispatcherServlet ''
2022-03-15 10:56:38.704  INFO 25065 --- [    Test worker] o.s.t.web.servlet.TestDispatcherServlet  : Initializing Servlet ''
2022-03-15 10:56:38.706  INFO 25065 --- [    Test worker] o.s.t.web.servlet.TestDispatcherServlet  : Completed initialization in 2 ms
2022-03-15 10:56:38.745  INFO 25065 --- [    Test worker] o.g.T.controller.TaskControllerTest      : Started TaskControllerTest in 1.098 seconds (JVM running for 8.946)
]]></system-out>
  <system-err><![CDATA[]]></system-err>
</testsuite>
